2024-04-23 12:17:24:INFO    :__main__: Loading new data from 'AulsUprising.csv'.
2024-04-23 12:17:24:INFO    :__main__: Successfully loaded new data.
2024-04-23 12:17:24:INFO    :__main__: Recording attached comments:
2024-04-23 12:17:24:INFO    :__main__: # Source: https://poedb.tw/Auls_Uprising#AulsUprisingUnique
2024-04-23 12:17:24:INFO    :__main__: End of attached comments.
2024-04-23 12:17:24:INFO    :__main__.add_regex: Starting process of adding regex
2024-04-23 12:17:24:INFO    :__main__.add_regex: Completed process of adding regex
2024-04-23 12:17:24:INFO    :__main__: Retrieving previously deposited data.
2024-04-23 12:20:28:INFO    :__main__: Loading new data from 'AulsUprising.csv'.
2024-04-23 12:20:28:INFO    :__main__: Successfully loaded new data.
2024-04-23 12:20:28:INFO    :__main__: Recording attached comments:
2024-04-23 12:20:28:INFO    :__main__: # Source: https://poedb.tw/Auls_Uprising#AulsUprisingUnique
2024-04-23 12:20:28:INFO    :__main__: End of attached comments.
2024-04-23 12:20:28:INFO    :__main__.add_regex: Starting process of adding regex
2024-04-23 12:20:28:INFO    :__main__.add_regex: Completed process of adding regex
2024-04-23 12:20:28:INFO    :__main__: Retrieving previously deposited data.
2024-04-25 19:11:37:INFO    :__main__: Loading new data from 'AulsUprising.csv'.
2024-04-25 19:11:37:INFO    :__main__: Successfully loaded new data.
2024-04-25 19:11:37:INFO    :__main__: Recording attached comments:
2024-04-25 19:11:37:INFO    :__main__: # Source: https://poedb.tw/Auls_Uprising#AulsUprisingUnique
2024-04-25 19:11:37:INFO    :__main__: End of attached comments.
2024-04-25 19:11:37:INFO    :__main__.add_regex: Starting process of adding regex
2024-04-25 19:11:37:INFO    :__main__.add_regex: Completed process of adding regex
2024-04-25 19:11:37:INFO    :__main__: Retrieving previously deposited data.
